Created by PLY version 3.11 (http://www.dabeaz.com/ply)

Grammar

Rule 0     S' -> program
Rule 1     program -> statements
Rule 2     statements -> statements NEWLINE statement
Rule 3     statements -> statement
Rule 4     statement -> IDENTIFIER ASSIGN expression
Rule 5     statement -> expression
Rule 6     statement -> empty
Rule 7     statement -> IF LPAREN expression RPAREN statement
Rule 8     statement -> IF LPAREN expression RPAREN statement ELSE statement
Rule 9     statement -> WHILE LPAREN expression RPAREN statement
Rule 10    statement -> FOR LPAREN IDENTIFIER IN expression RPAREN statement
Rule 11    statement -> LBRACE statements RBRACE
Rule 12    statement -> LBRACE RBRACE
Rule 13    expression -> expression PLUS expression
Rule 14    expression -> expression MINUS expression
Rule 15    expression -> expression TIMES expression
Rule 16    expression -> expression DIVIDE expression
Rule 17    expression -> expression GT expression
Rule 18    expression -> expression LT expression
Rule 19    expression -> expression GE expression
Rule 20    expression -> expression LE expression
Rule 21    expression -> expression EQ expression
Rule 22    expression -> expression NE expression
Rule 23    expression -> LPAREN expression RPAREN
Rule 24    expression -> NUMBER
Rule 25    expression -> STRING
Rule 26    expression -> IDENTIFIER
Rule 27    expression -> IDENTIFIER LPAREN args RPAREN
Rule 28    args -> args COMMA expression
Rule 29    args -> expression
Rule 30    args -> empty
Rule 31    empty -> <empty>

Terminals, with rules where they appear

ASSIGN               : 4
COMMA                : 28
DIVIDE               : 16
ELSE                 : 8
EQ                   : 21
FOR                  : 10
GE                   : 19
GT                   : 17
IDENTIFIER           : 4 10 26 27
IF                   : 7 8
IN                   : 10
LBRACE               : 11 12
LE                   : 20
LPAREN               : 7 8 9 10 23 27
LT                   : 18
MINUS                : 14
NE                   : 22
NEWLINE              : 2
NUMBER               : 24
PLUS                 : 13
RBRACE               : 11 12
RPAREN               : 7 8 9 10 23 27
STRING               : 25
TIMES                : 15
WHILE                : 9
error                : 

Nonterminals, with rules where they appear

args                 : 27 28
empty                : 6 30
expression           : 4 5 7 8 9 10 13 13 14 14 15 15 16 16 17 17 18 18 19 19 20 20 21 21 22 22 23 28 29
program              : 0
statement            : 2 3 7 8 8 9 10
statements           : 1 2 11

Parsing method: LALR

state 0

    (0) S' -> . program
    (1) program -> . statements
    (2) statements -> . statements NEWLINE statement
    (3) statements -> . statement
    (4) statement -> . IDENTIFIER ASSIGN expression
    (5) statement -> . expression
    (6) statement -> . empty
    (7) statement -> . IF LPAREN expression RPAREN statement
    (8) statement -> . IF LPAREN expression RPAREN statement ELSE statement
    (9) statement -> . WHILE LPAREN expression RPAREN statement
    (10) statement -> . FOR LPAREN IDENTIFIER IN expression RPAREN statement
    (11) statement -> . LBRACE statements RBRACE
    (12) statement -> . LBRACE RBRACE
    (13) expression -> . expression PLUS expression
    (14) expression -> . expression MINUS expression
    (15) expression -> . expression TIMES expression
    (16) expression -> . expression DIVIDE expression
    (17) expression -> . expression GT expression
    (18) expression -> . expression LT expression
    (19) expression -> . expression GE expression
    (20) expression -> . expression LE expression
    (21) expression -> . expression EQ expression
    (22) expression -> . expression NE expression
    (23) expression -> . LPAREN expression RPAREN
    (24) expression -> . NUMBER
    (25) expression -> . STRING
    (26) expression -> . IDENTIFIER
    (27) expression -> . IDENTIFIER LPAREN args RPAREN
    (31) empty -> .

    IDENTIFIER      shift and go to state 4
    IF              shift and go to state 7
    WHILE           shift and go to state 9
    FOR             shift and go to state 10
    LBRACE          shift and go to state 11
    LPAREN          shift and go to state 8
    NUMBER          shift and go to state 12
    STRING          shift and go to state 13
    NEWLINE         reduce using rule 31 (empty -> .)
    $end            reduce using rule 31 (empty -> .)

    program                        shift and go to state 1
    statements                     shift and go to state 2
    statement                      shift and go to state 3
    expression                     shift and go to state 5
    empty                          shift and go to state 6

state 1

    (0) S' -> program .



state 2

    (1) program -> statements .
    (2) statements -> statements . NEWLINE statement

    $end            reduce using rule 1 (program -> statements .)
    NEWLINE         shift and go to state 14


state 3

    (3) statements -> statement .

    NEWLINE         reduce using rule 3 (statements -> statement .)
    $end            reduce using rule 3 (statements -> statement .)
    RBRACE          reduce using rule 3 (statements -> statement .)


state 4

    (4) statement -> IDENTIFIER . ASSIGN expression
    (26) expression -> IDENTIFIER .
    (27) expression -> IDENTIFIER . LPAREN args RPAREN

    ASSIGN          shift and go to state 15
    PLUS            reduce using rule 26 (expression -> IDENTIFIER .)
    MINUS           reduce using rule 26 (expression -> IDENTIFIER .)
    TIMES           reduce using rule 26 (expression -> IDENTIFIER .)
    DIVIDE          reduce using rule 26 (expression -> IDENTIFIER .)
    GT              reduce using rule 26 (expression -> IDENTIFIER .)
    LT              reduce using rule 26 (expression -> IDENTIFIER .)
    GE              reduce using rule 26 (expression -> IDENTIFIER .)
    LE              reduce using rule 26 (expression -> IDENTIFIER .)
    EQ              reduce using rule 26 (expression -> IDENTIFIER .)
    NE              reduce using rule 26 (expression -> IDENTIFIER .)
    NEWLINE         reduce using rule 26 (expression -> IDENTIFIER .)
    $end            reduce using rule 26 (expression -> IDENTIFIER .)
    RBRACE          reduce using rule 26 (expression -> IDENTIFIER .)
    ELSE            reduce using rule 26 (expression -> IDENTIFIER .)
    LPAREN          shift and go to state 16


state 5

    (5) statement -> expression .
    (13) expression -> expression . PLUS expression
    (14) expression -> expression . MINUS expression
    (15) expression -> expression . TIMES expression
    (16) expression -> expression . DIVIDE expression
    (17) expression -> expression . GT expression
    (18) expression -> expression . LT expression
    (19) expression -> expression . GE expression
    (20) expression -> expression . LE expression
    (21) expression -> expression . EQ expression
    (22) expression -> expression . NE expression

    NEWLINE         reduce using rule 5 (statement -> expression .)
    $end            reduce using rule 5 (statement -> expression .)
    RBRACE          reduce using rule 5 (statement -> expression .)
    ELSE            reduce using rule 5 (statement -> expression .)
    PLUS            shift and go to state 17
    MINUS           shift and go to state 18
    TIMES           shift and go to state 19
    DIVIDE          shift and go to state 20
    GT              shift and go to state 21
    LT              shift and go to state 22
    GE              shift and go to state 23
    LE              shift and go to state 24
    EQ              shift and go to state 25
    NE              shift and go to state 26


state 6

    (6) statement -> empty .

    NEWLINE         reduce using rule 6 (statement -> empty .)
    $end            reduce using rule 6 (statement -> empty .)
    RBRACE          reduce using rule 6 (statement -> empty .)
    ELSE            reduce using rule 6 (statement -> empty .)


state 7

    (7) statement -> IF . LPAREN expression RPAREN statement
    (8) statement -> IF . LPAREN expression RPAREN statement ELSE statement

    LPAREN          shift and go to state 27


state 8

    (23) expression -> LPAREN . expression RPAREN
    (13) expression -> . expression PLUS expression
    (14) expression -> . expression MINUS expression
    (15) expression -> . expression TIMES expression
    (16) expression -> . expression DIVIDE expression
    (17) expression -> . expression GT expression
    (18) expression -> . expression LT expression
    (19) expression -> . expression GE expression
    (20) expression -> . expression LE expression
    (21) expression -> . expression EQ expression
    (22) expression -> . expression NE expression
    (23) expression -> . LPAREN expression RPAREN
    (24) expression -> . NUMBER
    (25) expression -> . STRING
    (26) expression -> . IDENTIFIER
    (27) expression -> . IDENTIFIER LPAREN args RPAREN

    LPAREN          shift and go to state 8
    NUMBER          shift and go to state 12
    STRING          shift and go to state 13
    IDENTIFIER      shift and go to state 29

    expression                     shift and go to state 28

state 9

    (9) statement -> WHILE . LPAREN expression RPAREN statement

    LPAREN          shift and go to state 30


state 10

    (10) statement -> FOR . LPAREN IDENTIFIER IN expression RPAREN statement

    LPAREN          shift and go to state 31


state 11

    (11) statement -> LBRACE . statements RBRACE
    (12) statement -> LBRACE . RBRACE
    (2) statements -> . statements NEWLINE statement
    (3) statements -> . statement
    (4) statement -> . IDENTIFIER ASSIGN expression
    (5) statement -> . expression
    (6) statement -> . empty
    (7) statement -> . IF LPAREN expression RPAREN statement
    (8) statement -> . IF LPAREN expression RPAREN statement ELSE statement
    (9) statement -> . WHILE LPAREN expression RPAREN statement
    (10) statement -> . FOR LPAREN IDENTIFIER IN expression RPAREN statement
    (11) statement -> . LBRACE statements RBRACE
    (12) statement -> . LBRACE RBRACE
    (13) expression -> . expression PLUS expression
    (14) expression -> . expression MINUS expression
    (15) expression -> . expression TIMES expression
    (16) expression -> . expression DIVIDE expression
    (17) expression -> . expression GT expression
    (18) expression -> . expression LT expression
    (19) expression -> . expression GE expression
    (20) expression -> . expression LE expression
    (21) expression -> . expression EQ expression
    (22) expression -> . expression NE expression
    (23) expression -> . LPAREN expression RPAREN
    (24) expression -> . NUMBER
    (25) expression -> . STRING
    (26) expression -> . IDENTIFIER
    (27) expression -> . IDENTIFIER LPAREN args RPAREN
    (31) empty -> .

  ! shift/reduce conflict for RBRACE resolved as shift
    RBRACE          shift and go to state 33
    IDENTIFIER      shift and go to state 4
    IF              shift and go to state 7
    WHILE           shift and go to state 9
    FOR             shift and go to state 10
    LBRACE          shift and go to state 11
    LPAREN          shift and go to state 8
    NUMBER          shift and go to state 12
    STRING          shift and go to state 13
    NEWLINE         reduce using rule 31 (empty -> .)

  ! RBRACE          [ reduce using rule 31 (empty -> .) ]

    statements                     shift and go to state 32
    statement                      shift and go to state 3
    expression                     shift and go to state 5
    empty                          shift and go to state 6

state 12

    (24) expression -> NUMBER .

    PLUS            reduce using rule 24 (expression -> NUMBER .)
    MINUS           reduce using rule 24 (expression -> NUMBER .)
    TIMES           reduce using rule 24 (expression -> NUMBER .)
    DIVIDE          reduce using rule 24 (expression -> NUMBER .)
    GT              reduce using rule 24 (expression -> NUMBER .)
    LT              reduce using rule 24 (expression -> NUMBER .)
    GE              reduce using rule 24 (expression -> NUMBER .)
    LE              reduce using rule 24 (expression -> NUMBER .)
    EQ              reduce using rule 24 (expression -> NUMBER .)
    NE              reduce using rule 24 (expression -> NUMBER .)
    NEWLINE         reduce using rule 24 (expression -> NUMBER .)
    $end            reduce using rule 24 (expression -> NUMBER .)
    RPAREN          reduce using rule 24 (expression -> NUMBER .)
    RBRACE          reduce using rule 24 (expression -> NUMBER .)
    ELSE            reduce using rule 24 (expression -> NUMBER .)
    COMMA           reduce using rule 24 (expression -> NUMBER .)


state 13

    (25) expression -> STRING .

    PLUS            reduce using rule 25 (expression -> STRING .)
    MINUS           reduce using rule 25 (expression -> STRING .)
    TIMES           reduce using rule 25 (expression -> STRING .)
    DIVIDE          reduce using rule 25 (expression -> STRING .)
    GT              reduce using rule 25 (expression -> STRING .)
    LT              reduce using rule 25 (expression -> STRING .)
    GE              reduce using rule 25 (expression -> STRING .)
    LE              reduce using rule 25 (expression -> STRING .)
    EQ              reduce using rule 25 (expression -> STRING .)
    NE              reduce using rule 25 (expression -> STRING .)
    NEWLINE         reduce using rule 25 (expression -> STRING .)
    $end            reduce using rule 25 (expression -> STRING .)
    RPAREN          reduce using rule 25 (expression -> STRING .)
    RBRACE          reduce using rule 25 (expression -> STRING .)
    ELSE            reduce using rule 25 (expression -> STRING .)
    COMMA           reduce using rule 25 (expression -> STRING .)


state 14

    (2) statements -> statements NEWLINE . statement
    (4) statement -> . IDENTIFIER ASSIGN expression
    (5) statement -> . expression
    (6) statement -> . empty
    (7) statement -> . IF LPAREN expression RPAREN statement
    (8) statement -> . IF LPAREN expression RPAREN statement ELSE statement
    (9) statement -> . WHILE LPAREN expression RPAREN statement
    (10) statement -> . FOR LPAREN IDENTIFIER IN expression RPAREN statement
    (11) statement -> . LBRACE statements RBRACE
    (12) statement -> . LBRACE RBRACE
    (13) expression -> . expression PLUS expression
    (14) expression -> . expression MINUS expression
    (15) expression -> . expression TIMES expression
    (16) expression -> . expression DIVIDE expression
    (17) expression -> . expression GT expression
    (18) expression -> . expression LT expression
    (19) expression -> . expression GE expression
    (20) expression -> . expression LE expression
    (21) expression -> . expression EQ expression
    (22) expression -> . expression NE expression
    (23) expression -> . LPAREN expression RPAREN
    (24) expression -> . NUMBER
    (25) expression -> . STRING
    (26) expression -> . IDENTIFIER
    (27) expression -> . IDENTIFIER LPAREN args RPAREN
    (31) empty -> .

    IDENTIFIER      shift and go to state 4
    IF              shift and go to state 7
    WHILE           shift and go to state 9
    FOR             shift and go to state 10
    LBRACE          shift and go to state 11
    LPAREN          shift and go to state 8
    NUMBER          shift and go to state 12
    STRING          shift and go to state 13
    NEWLINE         reduce using rule 31 (empty -> .)
    $end            reduce using rule 31 (empty -> .)
    RBRACE          reduce using rule 31 (empty -> .)

    statement                      shift and go to state 34
    expression                     shift and go to state 5
    empty                          shift and go to state 6

state 15

    (4) statement -> IDENTIFIER ASSIGN . expression
    (13) expression -> . expression PLUS expression
    (14) expression -> . expression MINUS expression
    (15) expression -> . expression TIMES expression
    (16) expression -> . expression DIVIDE expression
    (17) expression -> . expression GT expression
    (18) expression -> . expression LT expression
    (19) expression -> . expression GE expression
    (20) expression -> . expression LE expression
    (21) expression -> . expression EQ expression
    (22) expression -> . expression NE expression
    (23) expression -> . LPAREN expression RPAREN
    (24) expression -> . NUMBER
    (25) expression -> . STRING
    (26) expression -> . IDENTIFIER
    (27) expression -> . IDENTIFIER LPAREN args RPAREN

    LPAREN          shift and go to state 8
    NUMBER          shift and go to state 12
    STRING          shift and go to state 13
    IDENTIFIER      shift and go to state 29

    expression                     shift and go to state 35

state 16

    (27) expression -> IDENTIFIER LPAREN . args RPAREN
    (28) args -> . args COMMA expression
    (29) args -> . expression
    (30) args -> . empty
    (13) expression -> . expression PLUS expression
    (14) expression -> . expression MINUS expression
    (15) expression -> . expression TIMES expression
    (16) expression -> . expression DIVIDE expression
    (17) expression -> . expression GT expression
    (18) expression -> . expression LT expression
    (19) expression -> . expression GE expression
    (20) expression -> . expression LE expression
    (21) expression -> . expression EQ expression
    (22) expression -> . expression NE expression
    (23) expression -> . LPAREN expression RPAREN
    (24) expression -> . NUMBER
    (25) expression -> . STRING
    (26) expression -> . IDENTIFIER
    (27) expression -> . IDENTIFIER LPAREN args RPAREN
    (31) empty -> .

    LPAREN          shift and go to state 8
    NUMBER          shift and go to state 12
    STRING          shift and go to state 13
    IDENTIFIER      shift and go to state 29
    RPAREN          reduce using rule 31 (empty -> .)
    COMMA           reduce using rule 31 (empty -> .)

    args                           shift and go to state 36
    expression                     shift and go to state 37
    empty                          shift and go to state 38

state 17

    (13) expression -> expression PLUS . expression
    (13) expression -> . expression PLUS expression
    (14) expression -> . expression MINUS expression
    (15) expression -> . expression TIMES expression
    (16) expression -> . expression DIVIDE expression
    (17) expression -> . expression GT expression
    (18) expression -> . expression LT expression
    (19) expression -> . expression GE expression
    (20) expression -> . expression LE expression
    (21) expression -> . expression EQ expression
    (22) expression -> . expression NE expression
    (23) expression -> . LPAREN expression RPAREN
    (24) expression -> . NUMBER
    (25) expression -> . STRING
    (26) expression -> . IDENTIFIER
    (27) expression -> . IDENTIFIER LPAREN args RPAREN

    LPAREN          shift and go to state 8
    NUMBER          shift and go to state 12
    STRING          shift and go to state 13
    IDENTIFIER      shift and go to state 29

    expression                     shift and go to state 39

state 18

    (14) expression -> expression MINUS . expression
    (13) expression -> . expression PLUS expression
    (14) expression -> . expression MINUS expression
    (15) expression -> . expression TIMES expression
    (16) expression -> . expression DIVIDE expression
    (17) expression -> . expression GT expression
    (18) expression -> . expression LT expression
    (19) expression -> . expression GE expression
    (20) expression -> . expression LE expression
    (21) expression -> . expression EQ expression
    (22) expression -> . expression NE expression
    (23) expression -> . LPAREN expression RPAREN
    (24) expression -> . NUMBER
    (25) expression -> . STRING
    (26) expression -> . IDENTIFIER
    (27) expression -> . IDENTIFIER LPAREN args RPAREN

    LPAREN          shift and go to state 8
    NUMBER          shift and go to state 12
    STRING          shift and go to state 13
    IDENTIFIER      shift and go to state 29

    expression                     shift and go to state 40

state 19

    (15) expression -> expression TIMES . expression
    (13) expression -> . expression PLUS expression
    (14) expression -> . expression MINUS expression
    (15) expression -> . expression TIMES expression
    (16) expression -> . expression DIVIDE expression
    (17) expression -> . expression GT expression
    (18) expression -> . expression LT expression
    (19) expression -> . expression GE expression
    (20) expression -> . expression LE expression
    (21) expression -> . expression EQ expression
    (22) expression -> . expression NE expression
    (23) expression -> . LPAREN expression RPAREN
    (24) expression -> . NUMBER
    (25) expression -> . STRING
    (26) expression -> . IDENTIFIER
    (27) expression -> . IDENTIFIER LPAREN args RPAREN

    LPAREN          shift and go to state 8
    NUMBER          shift and go to state 12
    STRING          shift and go to state 13
    IDENTIFIER      shift and go to state 29

    expression                     shift and go to state 41

state 20

    (16) expression -> expression DIVIDE . expression
    (13) expression -> . expression PLUS expression
    (14) expression -> . expression MINUS expression
    (15) expression -> . expression TIMES expression
    (16) expression -> . expression DIVIDE expression
    (17) expression -> . expression GT expression
    (18) expression -> . expression LT expression
    (19) expression -> . expression GE expression
    (20) expression -> . expression LE expression
    (21) expression -> . expression EQ expression
    (22) expression -> . expression NE expression
    (23) expression -> . LPAREN expression RPAREN
    (24) expression -> . NUMBER
    (25) expression -> . STRING
    (26) expression -> . IDENTIFIER
    (27) expression -> . IDENTIFIER LPAREN args RPAREN

    LPAREN          shift and go to state 8
    NUMBER          shift and go to state 12
    STRING          shift and go to state 13
    IDENTIFIER      shift and go to state 29

    expression                     shift and go to state 42

state 21

    (17) expression -> expression GT . expression
    (13) expression -> . expression PLUS expression
    (14) expression -> . expression MINUS expression
    (15) expression -> . expression TIMES expression
    (16) expression -> . expression DIVIDE expression
    (17) expression -> . expression GT expression
    (18) expression -> . expression LT expression
    (19) expression -> . expression GE expression
    (20) expression -> . expression LE expression
    (21) expression -> . expression EQ expression
    (22) expression -> . expression NE expression
    (23) expression -> . LPAREN expression RPAREN
    (24) expression -> . NUMBER
    (25) expression -> . STRING
    (26) expression -> . IDENTIFIER
    (27) expression -> . IDENTIFIER LPAREN args RPAREN

    LPAREN          shift and go to state 8
    NUMBER          shift and go to state 12
    STRING          shift and go to state 13
    IDENTIFIER      shift and go to state 29

    expression                     shift and go to state 43

state 22

    (18) expression -> expression LT . expression
    (13) expression -> . expression PLUS expression
    (14) expression -> . expression MINUS expression
    (15) expression -> . expression TIMES expression
    (16) expression -> . expression DIVIDE expression
    (17) expression -> . expression GT expression
    (18) expression -> . expression LT expression
    (19) expression -> . expression GE expression
    (20) expression -> . expression LE expression
    (21) expression -> . expression EQ expression
    (22) expression -> . expression NE expression
    (23) expression -> . LPAREN expression RPAREN
    (24) expression -> . NUMBER
    (25) expression -> . STRING
    (26) expression -> . IDENTIFIER
    (27) expression -> . IDENTIFIER LPAREN args RPAREN

    LPAREN          shift and go to state 8
    NUMBER          shift and go to state 12
    STRING          shift and go to state 13
    IDENTIFIER      shift and go to state 29

    expression                     shift and go to state 44

state 23

    (19) expression -> expression GE . expression
    (13) expression -> . expression PLUS expression
    (14) expression -> . expression MINUS expression
    (15) expression -> . expression TIMES expression
    (16) expression -> . expression DIVIDE expression
    (17) expression -> . expression GT expression
    (18) expression -> . expression LT expression
    (19) expression -> . expression GE expression
    (20) expression -> . expression LE expression
    (21) expression -> . expression EQ expression
    (22) expression -> . expression NE expression
    (23) expression -> . LPAREN expression RPAREN
    (24) expression -> . NUMBER
    (25) expression -> . STRING
    (26) expression -> . IDENTIFIER
    (27) expression -> . IDENTIFIER LPAREN args RPAREN

    LPAREN          shift and go to state 8
    NUMBER          shift and go to state 12
    STRING          shift and go to state 13
    IDENTIFIER      shift and go to state 29

    expression                     shift and go to state 45

state 24

    (20) expression -> expression LE . expression
    (13) expression -> . expression PLUS expression
    (14) expression -> . expression MINUS expression
    (15) expression -> . expression TIMES expression
    (16) expression -> . expression DIVIDE expression
    (17) expression -> . expression GT expression
    (18) expression -> . expression LT expression
    (19) expression -> . expression GE expression
    (20) expression -> . expression LE expression
    (21) expression -> . expression EQ expression
    (22) expression -> . expression NE expression
    (23) expression -> . LPAREN expression RPAREN
    (24) expression -> . NUMBER
    (25) expression -> . STRING
    (26) expression -> . IDENTIFIER
    (27) expression -> . IDENTIFIER LPAREN args RPAREN

    LPAREN          shift and go to state 8
    NUMBER          shift and go to state 12
    STRING          shift and go to state 13
    IDENTIFIER      shift and go to state 29

    expression                     shift and go to state 46

state 25

    (21) expression -> expression EQ . expression
    (13) expression -> . expression PLUS expression
    (14) expression -> . expression MINUS expression
    (15) expression -> . expression TIMES expression
    (16) expression -> . expression DIVIDE expression
    (17) expression -> . expression GT expression
    (18) expression -> . expression LT expression
    (19) expression -> . expression GE expression
    (20) expression -> . expression LE expression
    (21) expression -> . expression EQ expression
    (22) expression -> . expression NE expression
    (23) expression -> . LPAREN expression RPAREN
    (24) expression -> . NUMBER
    (25) expression -> . STRING
    (26) expression -> . IDENTIFIER
    (27) expression -> . IDENTIFIER LPAREN args RPAREN

    LPAREN          shift and go to state 8
    NUMBER          shift and go to state 12
    STRING          shift and go to state 13
    IDENTIFIER      shift and go to state 29

    expression                     shift and go to state 47

state 26

    (22) expression -> expression NE . expression
    (13) expression -> . expression PLUS expression
    (14) expression -> . expression MINUS expression
    (15) expression -> . expression TIMES expression
    (16) expression -> . expression DIVIDE expression
    (17) expression -> . expression GT expression
    (18) expression -> . expression LT expression
    (19) expression -> . expression GE expression
    (20) expression -> . expression LE expression
    (21) expression -> . expression EQ expression
    (22) expression -> . expression NE expression
    (23) expression -> . LPAREN expression RPAREN
    (24) expression -> . NUMBER
    (25) expression -> . STRING
    (26) expression -> . IDENTIFIER
    (27) expression -> . IDENTIFIER LPAREN args RPAREN

    LPAREN          shift and go to state 8
    NUMBER          shift and go to state 12
    STRING          shift and go to state 13
    IDENTIFIER      shift and go to state 29

    expression                     shift and go to state 48

state 27

    (7) statement -> IF LPAREN . expression RPAREN statement
    (8) statement -> IF LPAREN . expression RPAREN statement ELSE statement
    (13) expression -> . expression PLUS expression
    (14) expression -> . expression MINUS expression
    (15) expression -> . expression TIMES expression
    (16) expression -> . expression DIVIDE expression
    (17) expression -> . expression GT expression
    (18) expression -> . expression LT expression
    (19) expression -> . expression GE expression
    (20) expression -> . expression LE expression
    (21) expression -> . expression EQ expression
    (22) expression -> . expression NE expression
    (23) expression -> . LPAREN expression RPAREN
    (24) expression -> . NUMBER
    (25) expression -> . STRING
    (26) expression -> . IDENTIFIER
    (27) expression -> . IDENTIFIER LPAREN args RPAREN

    LPAREN          shift and go to state 8
    NUMBER          shift and go to state 12
    STRING          shift and go to state 13
    IDENTIFIER      shift and go to state 29

    expression                     shift and go to state 49

state 28

    (23) expression -> LPAREN expression . RPAREN
    (13) expression -> expression . PLUS expression
    (14) expression -> expression . MINUS expression
    (15) expression -> expression . TIMES expression
    (16) expression -> expression . DIVIDE expression
    (17) expression -> expression . GT expression
    (18) expression -> expression . LT expression
    (19) expression -> expression . GE expression
    (20) expression -> expression . LE expression
    (21) expression -> expression . EQ expression
    (22) expression -> expression . NE expression

    RPAREN          shift and go to state 50
    PLUS            shift and go to state 17
    MINUS           shift and go to state 18
    TIMES           shift and go to state 19
    DIVIDE          shift and go to state 20
    GT              shift and go to state 21
    LT              shift and go to state 22
    GE              shift and go to state 23
    LE              shift and go to state 24
    EQ              shift and go to state 25
    NE              shift and go to state 26


state 29

    (26) expression -> IDENTIFIER .
    (27) expression -> IDENTIFIER . LPAREN args RPAREN

    RPAREN          reduce using rule 26 (expression -> IDENTIFIER .)
    PLUS            reduce using rule 26 (expression -> IDENTIFIER .)
    MINUS           reduce using rule 26 (expression -> IDENTIFIER .)
    TIMES           reduce using rule 26 (expression -> IDENTIFIER .)
    DIVIDE          reduce using rule 26 (expression -> IDENTIFIER .)
    GT              reduce using rule 26 (expression -> IDENTIFIER .)
    LT              reduce using rule 26 (expression -> IDENTIFIER .)
    GE              reduce using rule 26 (expression -> IDENTIFIER .)
    LE              reduce using rule 26 (expression -> IDENTIFIER .)
    EQ              reduce using rule 26 (expression -> IDENTIFIER .)
    NE              reduce using rule 26 (expression -> IDENTIFIER .)
    NEWLINE         reduce using rule 26 (expression -> IDENTIFIER .)
    $end            reduce using rule 26 (expression -> IDENTIFIER .)
    RBRACE          reduce using rule 26 (expression -> IDENTIFIER .)
    ELSE            reduce using rule 26 (expression -> IDENTIFIER .)
    COMMA           reduce using rule 26 (expression -> IDENTIFIER .)
    LPAREN          shift and go to state 16


state 30

    (9) statement -> WHILE LPAREN . expression RPAREN statement
    (13) expression -> . expression PLUS expression
    (14) expression -> . expression MINUS expression
    (15) expression -> . expression TIMES expression
    (16) expression -> . expression DIVIDE expression
    (17) expression -> . expression GT expression
    (18) expression -> . expression LT expression
    (19) expression -> . expression GE expression
    (20) expression -> . expression LE expression
    (21) expression -> . expression EQ expression
    (22) expression -> . expression NE expression
    (23) expression -> . LPAREN expression RPAREN
    (24) expression -> . NUMBER
    (25) expression -> . STRING
    (26) expression -> . IDENTIFIER
    (27) expression -> . IDENTIFIER LPAREN args RPAREN

    LPAREN          shift and go to state 8
    NUMBER          shift and go to state 12
    STRING          shift and go to state 13
    IDENTIFIER      shift and go to state 29

    expression                     shift and go to state 51

state 31

    (10) statement -> FOR LPAREN . IDENTIFIER IN expression RPAREN statement

    IDENTIFIER      shift and go to state 52


state 32

    (11) statement -> LBRACE statements . RBRACE
    (2) statements -> statements . NEWLINE statement

    RBRACE          shift and go to state 53
    NEWLINE         shift and go to state 14


state 33

    (12) statement -> LBRACE RBRACE .

    NEWLINE         reduce using rule 12 (statement -> LBRACE RBRACE .)
    $end            reduce using rule 12 (statement -> LBRACE RBRACE .)
    RBRACE          reduce using rule 12 (statement -> LBRACE RBRACE .)
    ELSE            reduce using rule 12 (statement -> LBRACE RBRACE .)


state 34

    (2) statements -> statements NEWLINE statement .

    NEWLINE         reduce using rule 2 (statements -> statements NEWLINE statement .)
    $end            reduce using rule 2 (statements -> statements NEWLINE statement .)
    RBRACE          reduce using rule 2 (statements -> statements NEWLINE statement .)


state 35

    (4) statement -> IDENTIFIER ASSIGN expression .
    (13) expression -> expression . PLUS expression
    (14) expression -> expression . MINUS expression
    (15) expression -> expression . TIMES expression
    (16) expression -> expression . DIVIDE expression
    (17) expression -> expression . GT expression
    (18) expression -> expression . LT expression
    (19) expression -> expression . GE expression
    (20) expression -> expression . LE expression
    (21) expression -> expression . EQ expression
    (22) expression -> expression . NE expression

    NEWLINE         reduce using rule 4 (statement -> IDENTIFIER ASSIGN expression .)
    $end            reduce using rule 4 (statement -> IDENTIFIER ASSIGN expression .)
    RBRACE          reduce using rule 4 (statement -> IDENTIFIER ASSIGN expression .)
    ELSE            reduce using rule 4 (statement -> IDENTIFIER ASSIGN expression .)
    PLUS            shift and go to state 17
    MINUS           shift and go to state 18
    TIMES           shift and go to state 19
    DIVIDE          shift and go to state 20
    GT              shift and go to state 21
    LT              shift and go to state 22
    GE              shift and go to state 23
    LE              shift and go to state 24
    EQ              shift and go to state 25
    NE              shift and go to state 26


state 36

    (27) expression -> IDENTIFIER LPAREN args . RPAREN
    (28) args -> args . COMMA expression

    RPAREN          shift and go to state 54
    COMMA           shift and go to state 55


state 37

    (29) args -> expression .
    (13) expression -> expression . PLUS expression
    (14) expression -> expression . MINUS expression
    (15) expression -> expression . TIMES expression
    (16) expression -> expression . DIVIDE expression
    (17) expression -> expression . GT expression
    (18) expression -> expression . LT expression
    (19) expression -> expression . GE expression
    (20) expression -> expression . LE expression
    (21) expression -> expression . EQ expression
    (22) expression -> expression . NE expression

    RPAREN          reduce using rule 29 (args -> expression .)
    COMMA           reduce using rule 29 (args -> expression .)
    PLUS            shift and go to state 17
    MINUS           shift and go to state 18
    TIMES           shift and go to state 19
    DIVIDE          shift and go to state 20
    GT              shift and go to state 21
    LT              shift and go to state 22
    GE              shift and go to state 23
    LE              shift and go to state 24
    EQ              shift and go to state 25
    NE              shift and go to state 26


state 38

    (30) args -> empty .

    RPAREN          reduce using rule 30 (args -> empty .)
    COMMA           reduce using rule 30 (args -> empty .)


state 39

    (13) expression -> expression PLUS expression .
    (13) expression -> expression . PLUS expression
    (14) expression -> expression . MINUS expression
    (15) expression -> expression . TIMES expression
    (16) expression -> expression . DIVIDE expression
    (17) expression -> expression . GT expression
    (18) expression -> expression . LT expression
    (19) expression -> expression . GE expression
    (20) expression -> expression . LE expression
    (21) expression -> expression . EQ expression
    (22) expression -> expression . NE expression

    PLUS            reduce using rule 13 (expression -> expression PLUS expression .)
    MINUS           reduce using rule 13 (expression -> expression PLUS expression .)
    NEWLINE         reduce using rule 13 (expression -> expression PLUS expression .)
    $end            reduce using rule 13 (expression -> expression PLUS expression .)
    RPAREN          reduce using rule 13 (expression -> expression PLUS expression .)
    RBRACE          reduce using rule 13 (expression -> expression PLUS expression .)
    ELSE            reduce using rule 13 (expression -> expression PLUS expression .)
    COMMA           reduce using rule 13 (expression -> expression PLUS expression .)
    TIMES           shift and go to state 19
    DIVIDE          shift and go to state 20
    GT              shift and go to state 21
    LT              shift and go to state 22
    GE              shift and go to state 23
    LE              shift and go to state 24
    EQ              shift and go to state 25
    NE              shift and go to state 26

  ! TIMES           [ reduce using rule 13 (expression -> expression PLUS expression .) ]
  ! DIVIDE          [ reduce using rule 13 (expression -> expression PLUS expression .) ]
  ! GT              [ reduce using rule 13 (expression -> expression PLUS expression .) ]
  ! LT              [ reduce using rule 13 (expression -> expression PLUS expression .) ]
  ! GE              [ reduce using rule 13 (expression -> expression PLUS expression .) ]
  ! LE              [ reduce using rule 13 (expression -> expression PLUS expression .) ]
  ! EQ              [ reduce using rule 13 (expression -> expression PLUS expression .) ]
  ! NE              [ reduce using rule 13 (expression -> expression PLUS expression .) ]
  ! PLUS            [ shift and go to state 17 ]
  ! MINUS           [ shift and go to state 18 ]


state 40

    (14) expression -> expression MINUS expression .
    (13) expression -> expression . PLUS expression
    (14) expression -> expression . MINUS expression
    (15) expression -> expression . TIMES expression
    (16) expression -> expression . DIVIDE expression
    (17) expression -> expression . GT expression
    (18) expression -> expression . LT expression
    (19) expression -> expression . GE expression
    (20) expression -> expression . LE expression
    (21) expression -> expression . EQ expression
    (22) expression -> expression . NE expression

    PLUS            reduce using rule 14 (expression -> expression MINUS expression .)
    MINUS           reduce using rule 14 (expression -> expression MINUS expression .)
    NEWLINE         reduce using rule 14 (expression -> expression MINUS expression .)
    $end            reduce using rule 14 (expression -> expression MINUS expression .)
    RPAREN          reduce using rule 14 (expression -> expression MINUS expression .)
    RBRACE          reduce using rule 14 (expression -> expression MINUS expression .)
    ELSE            reduce using rule 14 (expression -> expression MINUS expression .)
    COMMA           reduce using rule 14 (expression -> expression MINUS expression .)
    TIMES           shift and go to state 19
    DIVIDE          shift and go to state 20
    GT              shift and go to state 21
    LT              shift and go to state 22
    GE              shift and go to state 23
    LE              shift and go to state 24
    EQ              shift and go to state 25
    NE              shift and go to state 26

  ! TIMES           [ reduce using rule 14 (expression -> expression MINUS expression .) ]
  ! DIVIDE          [ reduce using rule 14 (expression -> expression MINUS expression .) ]
  ! GT              [ reduce using rule 14 (expression -> expression MINUS expression .) ]
  ! LT              [ reduce using rule 14 (expression -> expression MINUS expression .) ]
  ! GE              [ reduce using rule 14 (expression -> expression MINUS expression .) ]
  ! LE              [ reduce using rule 14 (expression -> expression MINUS expression .) ]
  ! EQ              [ reduce using rule 14 (expression -> expression MINUS expression .) ]
  ! NE              [ reduce using rule 14 (expression -> expression MINUS expression .) ]
  ! PLUS            [ shift and go to state 17 ]
  ! MINUS           [ shift and go to state 18 ]


state 41

    (15) expression -> expression TIMES expression .
    (13) expression -> expression . PLUS expression
    (14) expression -> expression . MINUS expression
    (15) expression -> expression . TIMES expression
    (16) expression -> expression . DIVIDE expression
    (17) expression -> expression . GT expression
    (18) expression -> expression . LT expression
    (19) expression -> expression . GE expression
    (20) expression -> expression . LE expression
    (21) expression -> expression . EQ expression
    (22) expression -> expression . NE expression

    PLUS            reduce using rule 15 (expression -> expression TIMES expression .)
    MINUS           reduce using rule 15 (expression -> expression TIMES expression .)
    TIMES           reduce using rule 15 (expression -> expression TIMES expression .)
    DIVIDE          reduce using rule 15 (expression -> expression TIMES expression .)
    NEWLINE         reduce using rule 15 (expression -> expression TIMES expression .)
    $end            reduce using rule 15 (expression -> expression TIMES expression .)
    RPAREN          reduce using rule 15 (expression -> expression TIMES expression .)
    RBRACE          reduce using rule 15 (expression -> expression TIMES expression .)
    ELSE            reduce using rule 15 (expression -> expression TIMES expression .)
    COMMA           reduce using rule 15 (expression -> expression TIMES expression .)
    GT              shift and go to state 21
    LT              shift and go to state 22
    GE              shift and go to state 23
    LE              shift and go to state 24
    EQ              shift and go to state 25
    NE              shift and go to state 26

  ! GT              [ reduce using rule 15 (expression -> expression TIMES expression .) ]
  ! LT              [ reduce using rule 15 (expression -> expression TIMES expression .) ]
  ! GE              [ reduce using rule 15 (expression -> expression TIMES expression .) ]
  ! LE              [ reduce using rule 15 (expression -> expression TIMES expression .) ]
  ! EQ              [ reduce using rule 15 (expression -> expression TIMES expression .) ]
  ! NE              [ reduce using rule 15 (expression -> expression TIMES expression .) ]
  ! PLUS            [ shift and go to state 17 ]
  ! MINUS           [ shift and go to state 18 ]
  ! TIMES           [ shift and go to state 19 ]
  ! DIVIDE          [ shift and go to state 20 ]


state 42

    (16) expression -> expression DIVIDE expression .
    (13) expression -> expression . PLUS expression
    (14) expression -> expression . MINUS expression
    (15) expression -> expression . TIMES expression
    (16) expression -> expression . DIVIDE expression
    (17) expression -> expression . GT expression
    (18) expression -> expression . LT expression
    (19) expression -> expression . GE expression
    (20) expression -> expression . LE expression
    (21) expression -> expression . EQ expression
    (22) expression -> expression . NE expression

    PLUS            reduce using rule 16 (expression -> expression DIVIDE expression .)
    MINUS           reduce using rule 16 (expression -> expression DIVIDE expression .)
    TIMES           reduce using rule 16 (expression -> expression DIVIDE expression .)
    DIVIDE          reduce using rule 16 (expression -> expression DIVIDE expression .)
    NEWLINE         reduce using rule 16 (expression -> expression DIVIDE expression .)
    $end            reduce using rule 16 (expression -> expression DIVIDE expression .)
    RPAREN          reduce using rule 16 (expression -> expression DIVIDE expression .)
    RBRACE          reduce using rule 16 (expression -> expression DIVIDE expression .)
    ELSE            reduce using rule 16 (expression -> expression DIVIDE expression .)
    COMMA           reduce using rule 16 (expression -> expression DIVIDE expression .)
    GT              shift and go to state 21
    LT              shift and go to state 22
    GE              shift and go to state 23
    LE              shift and go to state 24
    EQ              shift and go to state 25
    NE              shift and go to state 26

  ! GT              [ reduce using rule 16 (expression -> expression DIVIDE expression .) ]
  ! LT              [ reduce using rule 16 (expression -> expression DIVIDE expression .) ]
  ! GE              [ reduce using rule 16 (expression -> expression DIVIDE expression .) ]
  ! LE              [ reduce using rule 16 (expression -> expression DIVIDE expression .) ]
  ! EQ              [ reduce using rule 16 (expression -> expression DIVIDE expression .) ]
  ! NE              [ reduce using rule 16 (expression -> expression DIVIDE expression .) ]
  ! PLUS            [ shift and go to state 17 ]
  ! MINUS           [ shift and go to state 18 ]
  ! TIMES           [ shift and go to state 19 ]
  ! DIVIDE          [ shift and go to state 20 ]


state 43

    (17) expression -> expression GT expression .
    (13) expression -> expression . PLUS expression
    (14) expression -> expression . MINUS expression
    (15) expression -> expression . TIMES expression
    (16) expression -> expression . DIVIDE expression
    (17) expression -> expression . GT expression
    (18) expression -> expression . LT expression
    (19) expression -> expression . GE expression
    (20) expression -> expression . LE expression
    (21) expression -> expression . EQ expression
    (22) expression -> expression . NE expression

    PLUS            reduce using rule 17 (expression -> expression GT expression .)
    MINUS           reduce using rule 17 (expression -> expression GT expression .)
    TIMES           reduce using rule 17 (expression -> expression GT expression .)
    DIVIDE          reduce using rule 17 (expression -> expression GT expression .)
    GT              reduce using rule 17 (expression -> expression GT expression .)
    LT              reduce using rule 17 (expression -> expression GT expression .)
    GE              reduce using rule 17 (expression -> expression GT expression .)
    LE              reduce using rule 17 (expression -> expression GT expression .)
    EQ              reduce using rule 17 (expression -> expression GT expression .)
    NE              reduce using rule 17 (expression -> expression GT expression .)
    NEWLINE         reduce using rule 17 (expression -> expression GT expression .)
    $end            reduce using rule 17 (expression -> expression GT expression .)
    RPAREN          reduce using rule 17 (expression -> expression GT expression .)
    RBRACE          reduce using rule 17 (expression -> expression GT expression .)
    ELSE            reduce using rule 17 (expression -> expression GT expression .)
    COMMA           reduce using rule 17 (expression -> expression GT expression .)

  ! PLUS            [ shift and go to state 17 ]
  ! MINUS           [ shift and go to state 18 ]
  ! TIMES           [ shift and go to state 19 ]
  ! DIVIDE          [ shift and go to state 20 ]
  ! GT              [ shift and go to state 21 ]
  ! LT              [ shift and go to state 22 ]
  ! GE              [ shift and go to state 23 ]
  ! LE              [ shift and go to state 24 ]
  ! EQ              [ shift and go to state 25 ]
  ! NE              [ shift and go to state 26 ]


state 44

    (18) expression -> expression LT expression .
    (13) expression -> expression . PLUS expression
    (14) expression -> expression . MINUS expression
    (15) expression -> expression . TIMES expression
    (16) expression -> expression . DIVIDE expression
    (17) expression -> expression . GT expression
    (18) expression -> expression . LT expression
    (19) expression -> expression . GE expression
    (20) expression -> expression . LE expression
    (21) expression -> expression . EQ expression
    (22) expression -> expression . NE expression

    PLUS            reduce using rule 18 (expression -> expression LT expression .)
    MINUS           reduce using rule 18 (expression -> expression LT expression .)
    TIMES           reduce using rule 18 (expression -> expression LT expression .)
    DIVIDE          reduce using rule 18 (expression -> expression LT expression .)
    GT              reduce using rule 18 (expression -> expression LT expression .)
    LT              reduce using rule 18 (expression -> expression LT expression .)
    GE              reduce using rule 18 (expression -> expression LT expression .)
    LE              reduce using rule 18 (expression -> expression LT expression .)
    EQ              reduce using rule 18 (expression -> expression LT expression .)
    NE              reduce using rule 18 (expression -> expression LT expression .)
    NEWLINE         reduce using rule 18 (expression -> expression LT expression .)
    $end            reduce using rule 18 (expression -> expression LT expression .)
    RPAREN          reduce using rule 18 (expression -> expression LT expression .)
    RBRACE          reduce using rule 18 (expression -> expression LT expression .)
    ELSE            reduce using rule 18 (expression -> expression LT expression .)
    COMMA           reduce using rule 18 (expression -> expression LT expression .)

  ! PLUS            [ shift and go to state 17 ]
  ! MINUS           [ shift and go to state 18 ]
  ! TIMES           [ shift and go to state 19 ]
  ! DIVIDE          [ shift and go to state 20 ]
  ! GT              [ shift and go to state 21 ]
  ! LT              [ shift and go to state 22 ]
  ! GE              [ shift and go to state 23 ]
  ! LE              [ shift and go to state 24 ]
  ! EQ              [ shift and go to state 25 ]
  ! NE              [ shift and go to state 26 ]


state 45

    (19) expression -> expression GE expression .
    (13) expression -> expression . PLUS expression
    (14) expression -> expression . MINUS expression
    (15) expression -> expression . TIMES expression
    (16) expression -> expression . DIVIDE expression
    (17) expression -> expression . GT expression
    (18) expression -> expression . LT expression
    (19) expression -> expression . GE expression
    (20) expression -> expression . LE expression
    (21) expression -> expression . EQ expression
    (22) expression -> expression . NE expression

    PLUS            reduce using rule 19 (expression -> expression GE expression .)
    MINUS           reduce using rule 19 (expression -> expression GE expression .)
    TIMES           reduce using rule 19 (expression -> expression GE expression .)
    DIVIDE          reduce using rule 19 (expression -> expression GE expression .)
    GT              reduce using rule 19 (expression -> expression GE expression .)
    LT              reduce using rule 19 (expression -> expression GE expression .)
    GE              reduce using rule 19 (expression -> expression GE expression .)
    LE              reduce using rule 19 (expression -> expression GE expression .)
    EQ              reduce using rule 19 (expression -> expression GE expression .)
    NE              reduce using rule 19 (expression -> expression GE expression .)
    NEWLINE         reduce using rule 19 (expression -> expression GE expression .)
    $end            reduce using rule 19 (expression -> expression GE expression .)
    RPAREN          reduce using rule 19 (expression -> expression GE expression .)
    RBRACE          reduce using rule 19 (expression -> expression GE expression .)
    ELSE            reduce using rule 19 (expression -> expression GE expression .)
    COMMA           reduce using rule 19 (expression -> expression GE expression .)

  ! PLUS            [ shift and go to state 17 ]
  ! MINUS           [ shift and go to state 18 ]
  ! TIMES           [ shift and go to state 19 ]
  ! DIVIDE          [ shift and go to state 20 ]
  ! GT              [ shift and go to state 21 ]
  ! LT              [ shift and go to state 22 ]
  ! GE              [ shift and go to state 23 ]
  ! LE              [ shift and go to state 24 ]
  ! EQ              [ shift and go to state 25 ]
  ! NE              [ shift and go to state 26 ]


state 46

    (20) expression -> expression LE expression .
    (13) expression -> expression . PLUS expression
    (14) expression -> expression . MINUS expression
    (15) expression -> expression . TIMES expression
    (16) expression -> expression . DIVIDE expression
    (17) expression -> expression . GT expression
    (18) expression -> expression . LT expression
    (19) expression -> expression . GE expression
    (20) expression -> expression . LE expression
    (21) expression -> expression . EQ expression
    (22) expression -> expression . NE expression

    PLUS            reduce using rule 20 (expression -> expression LE expression .)
    MINUS           reduce using rule 20 (expression -> expression LE expression .)
    TIMES           reduce using rule 20 (expression -> expression LE expression .)
    DIVIDE          reduce using rule 20 (expression -> expression LE expression .)
    GT              reduce using rule 20 (expression -> expression LE expression .)
    LT              reduce using rule 20 (expression -> expression LE expression .)
    GE              reduce using rule 20 (expression -> expression LE expression .)
    LE              reduce using rule 20 (expression -> expression LE expression .)
    EQ              reduce using rule 20 (expression -> expression LE expression .)
    NE              reduce using rule 20 (expression -> expression LE expression .)
    NEWLINE         reduce using rule 20 (expression -> expression LE expression .)
    $end            reduce using rule 20 (expression -> expression LE expression .)
    RPAREN          reduce using rule 20 (expression -> expression LE expression .)
    RBRACE          reduce using rule 20 (expression -> expression LE expression .)
    ELSE            reduce using rule 20 (expression -> expression LE expression .)
    COMMA           reduce using rule 20 (expression -> expression LE expression .)

  ! PLUS            [ shift and go to state 17 ]
  ! MINUS           [ shift and go to state 18 ]
  ! TIMES           [ shift and go to state 19 ]
  ! DIVIDE          [ shift and go to state 20 ]
  ! GT              [ shift and go to state 21 ]
  ! LT              [ shift and go to state 22 ]
  ! GE              [ shift and go to state 23 ]
  ! LE              [ shift and go to state 24 ]
  ! EQ              [ shift and go to state 25 ]
  ! NE              [ shift and go to state 26 ]


state 47

    (21) expression -> expression EQ expression .
    (13) expression -> expression . PLUS expression
    (14) expression -> expression . MINUS expression
    (15) expression -> expression . TIMES expression
    (16) expression -> expression . DIVIDE expression
    (17) expression -> expression . GT expression
    (18) expression -> expression . LT expression
    (19) expression -> expression . GE expression
    (20) expression -> expression . LE expression
    (21) expression -> expression . EQ expression
    (22) expression -> expression . NE expression

    PLUS            reduce using rule 21 (expression -> expression EQ expression .)
    MINUS           reduce using rule 21 (expression -> expression EQ expression .)
    TIMES           reduce using rule 21 (expression -> expression EQ expression .)
    DIVIDE          reduce using rule 21 (expression -> expression EQ expression .)
    GT              reduce using rule 21 (expression -> expression EQ expression .)
    LT              reduce using rule 21 (expression -> expression EQ expression .)
    GE              reduce using rule 21 (expression -> expression EQ expression .)
    LE              reduce using rule 21 (expression -> expression EQ expression .)
    EQ              reduce using rule 21 (expression -> expression EQ expression .)
    NE              reduce using rule 21 (expression -> expression EQ expression .)
    NEWLINE         reduce using rule 21 (expression -> expression EQ expression .)
    $end            reduce using rule 21 (expression -> expression EQ expression .)
    RPAREN          reduce using rule 21 (expression -> expression EQ expression .)
    RBRACE          reduce using rule 21 (expression -> expression EQ expression .)
    ELSE            reduce using rule 21 (expression -> expression EQ expression .)
    COMMA           reduce using rule 21 (expression -> expression EQ expression .)

  ! PLUS            [ shift and go to state 17 ]
  ! MINUS           [ shift and go to state 18 ]
  ! TIMES           [ shift and go to state 19 ]
  ! DIVIDE          [ shift and go to state 20 ]
  ! GT              [ shift and go to state 21 ]
  ! LT              [ shift and go to state 22 ]
  ! GE              [ shift and go to state 23 ]
  ! LE              [ shift and go to state 24 ]
  ! EQ              [ shift and go to state 25 ]
  ! NE              [ shift and go to state 26 ]


state 48

    (22) expression -> expression NE expression .
    (13) expression -> expression . PLUS expression
    (14) expression -> expression . MINUS expression
    (15) expression -> expression . TIMES expression
    (16) expression -> expression . DIVIDE expression
    (17) expression -> expression . GT expression
    (18) expression -> expression . LT expression
    (19) expression -> expression . GE expression
    (20) expression -> expression . LE expression
    (21) expression -> expression . EQ expression
    (22) expression -> expression . NE expression

    PLUS            reduce using rule 22 (expression -> expression NE expression .)
    MINUS           reduce using rule 22 (expression -> expression NE expression .)
    TIMES           reduce using rule 22 (expression -> expression NE expression .)
    DIVIDE          reduce using rule 22 (expression -> expression NE expression .)
    GT              reduce using rule 22 (expression -> expression NE expression .)
    LT              reduce using rule 22 (expression -> expression NE expression .)
    GE              reduce using rule 22 (expression -> expression NE expression .)
    LE              reduce using rule 22 (expression -> expression NE expression .)
    EQ              reduce using rule 22 (expression -> expression NE expression .)
    NE              reduce using rule 22 (expression -> expression NE expression .)
    NEWLINE         reduce using rule 22 (expression -> expression NE expression .)
    $end            reduce using rule 22 (expression -> expression NE expression .)
    RPAREN          reduce using rule 22 (expression -> expression NE expression .)
    RBRACE          reduce using rule 22 (expression -> expression NE expression .)
    ELSE            reduce using rule 22 (expression -> expression NE expression .)
    COMMA           reduce using rule 22 (expression -> expression NE expression .)

  ! PLUS            [ shift and go to state 17 ]
  ! MINUS           [ shift and go to state 18 ]
  ! TIMES           [ shift and go to state 19 ]
  ! DIVIDE          [ shift and go to state 20 ]
  ! GT              [ shift and go to state 21 ]
  ! LT              [ shift and go to state 22 ]
  ! GE              [ shift and go to state 23 ]
  ! LE              [ shift and go to state 24 ]
  ! EQ              [ shift and go to state 25 ]
  ! NE              [ shift and go to state 26 ]


state 49

    (7) statement -> IF LPAREN expression . RPAREN statement
    (8) statement -> IF LPAREN expression . RPAREN statement ELSE statement
    (13) expression -> expression . PLUS expression
    (14) expression -> expression . MINUS expression
    (15) expression -> expression . TIMES expression
    (16) expression -> expression . DIVIDE expression
    (17) expression -> expression . GT expression
    (18) expression -> expression . LT expression
    (19) expression -> expression . GE expression
    (20) expression -> expression . LE expression
    (21) expression -> expression . EQ expression
    (22) expression -> expression . NE expression

    RPAREN          shift and go to state 56
    PLUS            shift and go to state 17
    MINUS           shift and go to state 18
    TIMES           shift and go to state 19
    DIVIDE          shift and go to state 20
    GT              shift and go to state 21
    LT              shift and go to state 22
    GE              shift and go to state 23
    LE              shift and go to state 24
    EQ              shift and go to state 25
    NE              shift and go to state 26


state 50

    (23) expression -> LPAREN expression RPAREN .

    PLUS            reduce using rule 23 (expression -> LPAREN expression RPAREN .)
    MINUS           reduce using rule 23 (expression -> LPAREN expression RPAREN .)
    TIMES           reduce using rule 23 (expression -> LPAREN expression RPAREN .)
    DIVIDE          reduce using rule 23 (expression -> LPAREN expression RPAREN .)
    GT              reduce using rule 23 (expression -> LPAREN expression RPAREN .)
    LT              reduce using rule 23 (expression -> LPAREN expression RPAREN .)
    GE              reduce using rule 23 (expression -> LPAREN expression RPAREN .)
    LE              reduce using rule 23 (expression -> LPAREN expression RPAREN .)
    EQ              reduce using rule 23 (expression -> LPAREN expression RPAREN .)
    NE              reduce using rule 23 (expression -> LPAREN expression RPAREN .)
    NEWLINE         reduce using rule 23 (expression -> LPAREN expression RPAREN .)
    $end            reduce using rule 23 (expression -> LPAREN expression RPAREN .)
    RPAREN          reduce using rule 23 (expression -> LPAREN expression RPAREN .)
    RBRACE          reduce using rule 23 (expression -> LPAREN expression RPAREN .)
    ELSE            reduce using rule 23 (expression -> LPAREN expression RPAREN .)
    COMMA           reduce using rule 23 (expression -> LPAREN expression RPAREN .)


state 51

    (9) statement -> WHILE LPAREN expression . RPAREN statement
    (13) expression -> expression . PLUS expression
    (14) expression -> expression . MINUS expression
    (15) expression -> expression . TIMES expression
    (16) expression -> expression . DIVIDE expression
    (17) expression -> expression . GT expression
    (18) expression -> expression . LT expression
    (19) expression -> expression . GE expression
    (20) expression -> expression . LE expression
    (21) expression -> expression . EQ expression
    (22) expression -> expression . NE expression

    RPAREN          shift and go to state 57
    PLUS            shift and go to state 17
    MINUS           shift and go to state 18
    TIMES           shift and go to state 19
    DIVIDE          shift and go to state 20
    GT              shift and go to state 21
    LT              shift and go to state 22
    GE              shift and go to state 23
    LE              shift and go to state 24
    EQ              shift and go to state 25
    NE              shift and go to state 26


state 52

    (10) statement -> FOR LPAREN IDENTIFIER . IN expression RPAREN statement

    IN              shift and go to state 58


state 53

    (11) statement -> LBRACE statements RBRACE .

    NEWLINE         reduce using rule 11 (statement -> LBRACE statements RBRACE .)
    $end            reduce using rule 11 (statement -> LBRACE statements RBRACE .)
    RBRACE          reduce using rule 11 (statement -> LBRACE statements RBRACE .)
    ELSE            reduce using rule 11 (statement -> LBRACE statements RBRACE .)


state 54

    (27) expression -> IDENTIFIER LPAREN args RPAREN .

    PLUS            reduce using rule 27 (expression -> IDENTIFIER LPAREN args RPAREN .)
    MINUS           reduce using rule 27 (expression -> IDENTIFIER LPAREN args RPAREN .)
    TIMES           reduce using rule 27 (expression -> IDENTIFIER LPAREN args RPAREN .)
    DIVIDE          reduce using rule 27 (expression -> IDENTIFIER LPAREN args RPAREN .)
    GT              reduce using rule 27 (expression -> IDENTIFIER LPAREN args RPAREN .)
    LT              reduce using rule 27 (expression -> IDENTIFIER LPAREN args RPAREN .)
    GE              reduce using rule 27 (expression -> IDENTIFIER LPAREN args RPAREN .)
    LE              reduce using rule 27 (expression -> IDENTIFIER LPAREN args RPAREN .)
    EQ              reduce using rule 27 (expression -> IDENTIFIER LPAREN args RPAREN .)
    NE              reduce using rule 27 (expression -> IDENTIFIER LPAREN args RPAREN .)
    NEWLINE         reduce using rule 27 (expression -> IDENTIFIER LPAREN args RPAREN .)
    $end            reduce using rule 27 (expression -> IDENTIFIER LPAREN args RPAREN .)
    RPAREN          reduce using rule 27 (expression -> IDENTIFIER LPAREN args RPAREN .)
    RBRACE          reduce using rule 27 (expression -> IDENTIFIER LPAREN args RPAREN .)
    ELSE            reduce using rule 27 (expression -> IDENTIFIER LPAREN args RPAREN .)
    COMMA           reduce using rule 27 (expression -> IDENTIFIER LPAREN args RPAREN .)


state 55

    (28) args -> args COMMA . expression
    (13) expression -> . expression PLUS expression
    (14) expression -> . expression MINUS expression
    (15) expression -> . expression TIMES expression
    (16) expression -> . expression DIVIDE expression
    (17) expression -> . expression GT expression
    (18) expression -> . expression LT expression
    (19) expression -> . expression GE expression
    (20) expression -> . expression LE expression
    (21) expression -> . expression EQ expression
    (22) expression -> . expression NE expression
    (23) expression -> . LPAREN expression RPAREN
    (24) expression -> . NUMBER
    (25) expression -> . STRING
    (26) expression -> . IDENTIFIER
    (27) expression -> . IDENTIFIER LPAREN args RPAREN

    LPAREN          shift and go to state 8
    NUMBER          shift and go to state 12
    STRING          shift and go to state 13
    IDENTIFIER      shift and go to state 29

    expression                     shift and go to state 59

state 56

    (7) statement -> IF LPAREN expression RPAREN . statement
    (8) statement -> IF LPAREN expression RPAREN . statement ELSE statement
    (4) statement -> . IDENTIFIER ASSIGN expression
    (5) statement -> . expression
    (6) statement -> . empty
    (7) statement -> . IF LPAREN expression RPAREN statement
    (8) statement -> . IF LPAREN expression RPAREN statement ELSE statement
    (9) statement -> . WHILE LPAREN expression RPAREN statement
    (10) statement -> . FOR LPAREN IDENTIFIER IN expression RPAREN statement
    (11) statement -> . LBRACE statements RBRACE
    (12) statement -> . LBRACE RBRACE
    (13) expression -> . expression PLUS expression
    (14) expression -> . expression MINUS expression
    (15) expression -> . expression TIMES expression
    (16) expression -> . expression DIVIDE expression
    (17) expression -> . expression GT expression
    (18) expression -> . expression LT expression
    (19) expression -> . expression GE expression
    (20) expression -> . expression LE expression
    (21) expression -> . expression EQ expression
    (22) expression -> . expression NE expression
    (23) expression -> . LPAREN expression RPAREN
    (24) expression -> . NUMBER
    (25) expression -> . STRING
    (26) expression -> . IDENTIFIER
    (27) expression -> . IDENTIFIER LPAREN args RPAREN
    (31) empty -> .

    IDENTIFIER      shift and go to state 4
    IF              shift and go to state 7
    WHILE           shift and go to state 9
    FOR             shift and go to state 10
    LBRACE          shift and go to state 11
    LPAREN          shift and go to state 8
    NUMBER          shift and go to state 12
    STRING          shift and go to state 13
    ELSE            reduce using rule 31 (empty -> .)
    NEWLINE         reduce using rule 31 (empty -> .)
    $end            reduce using rule 31 (empty -> .)
    RBRACE          reduce using rule 31 (empty -> .)

    expression                     shift and go to state 5
    statement                      shift and go to state 60
    empty                          shift and go to state 6

state 57

    (9) statement -> WHILE LPAREN expression RPAREN . statement
    (4) statement -> . IDENTIFIER ASSIGN expression
    (5) statement -> . expression
    (6) statement -> . empty
    (7) statement -> . IF LPAREN expression RPAREN statement
    (8) statement -> . IF LPAREN expression RPAREN statement ELSE statement
    (9) statement -> . WHILE LPAREN expression RPAREN statement
    (10) statement -> . FOR LPAREN IDENTIFIER IN expression RPAREN statement
    (11) statement -> . LBRACE statements RBRACE
    (12) statement -> . LBRACE RBRACE
    (13) expression -> . expression PLUS expression
    (14) expression -> . expression MINUS expression
    (15) expression -> . expression TIMES expression
    (16) expression -> . expression DIVIDE expression
    (17) expression -> . expression GT expression
    (18) expression -> . expression LT expression
    (19) expression -> . expression GE expression
    (20) expression -> . expression LE expression
    (21) expression -> . expression EQ expression
    (22) expression -> . expression NE expression
    (23) expression -> . LPAREN expression RPAREN
    (24) expression -> . NUMBER
    (25) expression -> . STRING
    (26) expression -> . IDENTIFIER
    (27) expression -> . IDENTIFIER LPAREN args RPAREN
    (31) empty -> .

    IDENTIFIER      shift and go to state 4
    IF              shift and go to state 7
    WHILE           shift and go to state 9
    FOR             shift and go to state 10
    LBRACE          shift and go to state 11
    LPAREN          shift and go to state 8
    NUMBER          shift and go to state 12
    STRING          shift and go to state 13
    ELSE            reduce using rule 31 (empty -> .)
    NEWLINE         reduce using rule 31 (empty -> .)
    $end            reduce using rule 31 (empty -> .)
    RBRACE          reduce using rule 31 (empty -> .)

    expression                     shift and go to state 5
    statement                      shift and go to state 61
    empty                          shift and go to state 6

state 58

    (10) statement -> FOR LPAREN IDENTIFIER IN . expression RPAREN statement
    (13) expression -> . expression PLUS expression
    (14) expression -> . expression MINUS expression
    (15) expression -> . expression TIMES expression
    (16) expression -> . expression DIVIDE expression
    (17) expression -> . expression GT expression
    (18) expression -> . expression LT expression
    (19) expression -> . expression GE expression
    (20) expression -> . expression LE expression
    (21) expression -> . expression EQ expression
    (22) expression -> . expression NE expression
    (23) expression -> . LPAREN expression RPAREN
    (24) expression -> . NUMBER
    (25) expression -> . STRING
    (26) expression -> . IDENTIFIER
    (27) expression -> . IDENTIFIER LPAREN args RPAREN

    LPAREN          shift and go to state 8
    NUMBER          shift and go to state 12
    STRING          shift and go to state 13
    IDENTIFIER      shift and go to state 29

    expression                     shift and go to state 62

state 59

    (28) args -> args COMMA expression .
    (13) expression -> expression . PLUS expression
    (14) expression -> expression . MINUS expression
    (15) expression -> expression . TIMES expression
    (16) expression -> expression . DIVIDE expression
    (17) expression -> expression . GT expression
    (18) expression -> expression . LT expression
    (19) expression -> expression . GE expression
    (20) expression -> expression . LE expression
    (21) expression -> expression . EQ expression
    (22) expression -> expression . NE expression

    RPAREN          reduce using rule 28 (args -> args COMMA expression .)
    COMMA           reduce using rule 28 (args -> args COMMA expression .)
    PLUS            shift and go to state 17
    MINUS           shift and go to state 18
    TIMES           shift and go to state 19
    DIVIDE          shift and go to state 20
    GT              shift and go to state 21
    LT              shift and go to state 22
    GE              shift and go to state 23
    LE              shift and go to state 24
    EQ              shift and go to state 25
    NE              shift and go to state 26


state 60

    (7) statement -> IF LPAREN expression RPAREN statement .
    (8) statement -> IF LPAREN expression RPAREN statement . ELSE statement

  ! shift/reduce conflict for ELSE resolved as shift
    NEWLINE         reduce using rule 7 (statement -> IF LPAREN expression RPAREN statement .)
    $end            reduce using rule 7 (statement -> IF LPAREN expression RPAREN statement .)
    RBRACE          reduce using rule 7 (statement -> IF LPAREN expression RPAREN statement .)
    ELSE            shift and go to state 63

  ! ELSE            [ reduce using rule 7 (statement -> IF LPAREN expression RPAREN statement .) ]


state 61

    (9) statement -> WHILE LPAREN expression RPAREN statement .

    NEWLINE         reduce using rule 9 (statement -> WHILE LPAREN expression RPAREN statement .)
    $end            reduce using rule 9 (statement -> WHILE LPAREN expression RPAREN statement .)
    RBRACE          reduce using rule 9 (statement -> WHILE LPAREN expression RPAREN statement .)
    ELSE            reduce using rule 9 (statement -> WHILE LPAREN expression RPAREN statement .)


state 62

    (10) statement -> FOR LPAREN IDENTIFIER IN expression . RPAREN statement
    (13) expression -> expression . PLUS expression
    (14) expression -> expression . MINUS expression
    (15) expression -> expression . TIMES expression
    (16) expression -> expression . DIVIDE expression
    (17) expression -> expression . GT expression
    (18) expression -> expression . LT expression
    (19) expression -> expression . GE expression
    (20) expression -> expression . LE expression
    (21) expression -> expression . EQ expression
    (22) expression -> expression . NE expression

    RPAREN          shift and go to state 64
    PLUS            shift and go to state 17
    MINUS           shift and go to state 18
    TIMES           shift and go to state 19
    DIVIDE          shift and go to state 20
    GT              shift and go to state 21
    LT              shift and go to state 22
    GE              shift and go to state 23
    LE              shift and go to state 24
    EQ              shift and go to state 25
    NE              shift and go to state 26


state 63

    (8) statement -> IF LPAREN expression RPAREN statement ELSE . statement
    (4) statement -> . IDENTIFIER ASSIGN expression
    (5) statement -> . expression
    (6) statement -> . empty
    (7) statement -> . IF LPAREN expression RPAREN statement
    (8) statement -> . IF LPAREN expression RPAREN statement ELSE statement
    (9) statement -> . WHILE LPAREN expression RPAREN statement
    (10) statement -> . FOR LPAREN IDENTIFIER IN expression RPAREN statement
    (11) statement -> . LBRACE statements RBRACE
    (12) statement -> . LBRACE RBRACE
    (13) expression -> . expression PLUS expression
    (14) expression -> . expression MINUS expression
    (15) expression -> . expression TIMES expression
    (16) expression -> . expression DIVIDE expression
    (17) expression -> . expression GT expression
    (18) expression -> . expression LT expression
    (19) expression -> . expression GE expression
    (20) expression -> . expression LE expression
    (21) expression -> . expression EQ expression
    (22) expression -> . expression NE expression
    (23) expression -> . LPAREN expression RPAREN
    (24) expression -> . NUMBER
    (25) expression -> . STRING
    (26) expression -> . IDENTIFIER
    (27) expression -> . IDENTIFIER LPAREN args RPAREN
    (31) empty -> .

    IDENTIFIER      shift and go to state 4
    IF              shift and go to state 7
    WHILE           shift and go to state 9
    FOR             shift and go to state 10
    LBRACE          shift and go to state 11
    LPAREN          shift and go to state 8
    NUMBER          shift and go to state 12
    STRING          shift and go to state 13
    ELSE            reduce using rule 31 (empty -> .)
    NEWLINE         reduce using rule 31 (empty -> .)
    $end            reduce using rule 31 (empty -> .)
    RBRACE          reduce using rule 31 (empty -> .)

    expression                     shift and go to state 5
    statement                      shift and go to state 65
    empty                          shift and go to state 6

state 64

    (10) statement -> FOR LPAREN IDENTIFIER IN expression RPAREN . statement
    (4) statement -> . IDENTIFIER ASSIGN expression
    (5) statement -> . expression
    (6) statement -> . empty
    (7) statement -> . IF LPAREN expression RPAREN statement
    (8) statement -> . IF LPAREN expression RPAREN statement ELSE statement
    (9) statement -> . WHILE LPAREN expression RPAREN statement
    (10) statement -> . FOR LPAREN IDENTIFIER IN expression RPAREN statement
    (11) statement -> . LBRACE statements RBRACE
    (12) statement -> . LBRACE RBRACE
    (13) expression -> . expression PLUS expression
    (14) expression -> . expression MINUS expression
    (15) expression -> . expression TIMES expression
    (16) expression -> . expression DIVIDE expression
    (17) expression -> . expression GT expression
    (18) expression -> . expression LT expression
    (19) expression -> . expression GE expression
    (20) expression -> . expression LE expression
    (21) expression -> . expression EQ expression
    (22) expression -> . expression NE expression
    (23) expression -> . LPAREN expression RPAREN
    (24) expression -> . NUMBER
    (25) expression -> . STRING
    (26) expression -> . IDENTIFIER
    (27) expression -> . IDENTIFIER LPAREN args RPAREN
    (31) empty -> .

    IDENTIFIER      shift and go to state 4
    IF              shift and go to state 7
    WHILE           shift and go to state 9
    FOR             shift and go to state 10
    LBRACE          shift and go to state 11
    LPAREN          shift and go to state 8
    NUMBER          shift and go to state 12
    STRING          shift and go to state 13
    ELSE            reduce using rule 31 (empty -> .)
    NEWLINE         reduce using rule 31 (empty -> .)
    $end            reduce using rule 31 (empty -> .)
    RBRACE          reduce using rule 31 (empty -> .)

    expression                     shift and go to state 5
    statement                      shift and go to state 66
    empty                          shift and go to state 6

state 65

    (8) statement -> IF LPAREN expression RPAREN statement ELSE statement .

    NEWLINE         reduce using rule 8 (statement -> IF LPAREN expression RPAREN statement ELSE statement .)
    $end            reduce using rule 8 (statement -> IF LPAREN expression RPAREN statement ELSE statement .)
    RBRACE          reduce using rule 8 (statement -> IF LPAREN expression RPAREN statement ELSE statement .)
    ELSE            reduce using rule 8 (statement -> IF LPAREN expression RPAREN statement ELSE statement .)


state 66

    (10) statement -> FOR LPAREN IDENTIFIER IN expression RPAREN statement .

    NEWLINE         reduce using rule 10 (statement -> FOR LPAREN IDENTIFIER IN expression RPAREN statement .)
    $end            reduce using rule 10 (statement -> FOR LPAREN IDENTIFIER IN expression RPAREN statement .)
    RBRACE          reduce using rule 10 (statement -> FOR LPAREN IDENTIFIER IN expression RPAREN statement .)
    ELSE            reduce using rule 10 (statement -> FOR LPAREN IDENTIFIER IN expression RPAREN statement .)

WARNING: 
WARNING: Conflicts:
WARNING: 
WARNING: shift/reduce conflict for RBRACE in state 11 resolved as shift
WARNING: shift/reduce conflict for ELSE in state 60 resolved as shift
